This file contains any messages produced by compilers while
running configure, to aid debugging if configure makes a mistake.

It was created by zookeeper C client configure 3.4.9, which was
generated by GNU Autoconf 2.69.  Invocation command line was

  $ ./configure 

## --------- ##
## Platform. ##
## --------- ##

hostname = Tstore
uname -m = x86_64
uname -r = 4.4.0-53-generic
uname -s = Linux
uname -v = #74-Ubuntu SMP Fri Dec 2 15:59:10 UTC 2016

/usr/bin/uname -p = unknown
/bin/uname -X     = unknown

/bin/arch              = unknown
/usr/bin/arch -k       = unknown
/usr/convex/getsysinfo = unknown
/usr/bin/hostinfo      = unknown
/bin/machine           = unknown
/usr/bin/oslevel       = unknown
/bin/universe          = unknown

PATH: /usr/local/sbin
PATH: /usr/local/bin
PATH: /usr/sbin
PATH: /usr/bin
PATH: /sbin
PATH: /bin
PATH: /usr/games
PATH: /usr/local/games
PATH: /snap/bin


## ----------- ##
## Core tests. ##
## ----------- ##

configure:2596: checking for doxygen
configure:2629: result: no
configure:2702: checking for perl
configure:2720: found /usr/bin/perl
configure:2732: result: /usr/bin/perl
configure:2874: checking for dot
configure:2907: result: no
configure:4461: checking for a BSD-compatible install
configure:4529: result: /usr/bin/install -c
configure:4540: checking whether build environment is sane
configure:4595: result: yes
configure:4746: checking for a thread-safe mkdir -p
configure:4785: result: /bin/mkdir -p
configure:4792: checking for gawk
configure:4808: found /usr/bin/gawk
configure:4819: result: gawk
configure:4830: checking whether make sets $(MAKE)
configure:4852: result: yes
configure:4881: checking whether make supports nested variables
configure:4898: result: yes
configure:5073: checking for cppunit-config
configure:5104: result: no
configure:5114: checking for Cppunit - version >= 1.10.2
configure:5118: result: no
configure:5186: checking for generated/zookeeper.jute.c
configure:5199: result: yes
configure:5211: checking for generated/zookeeper.jute.h
configure:5224: result: yes
configure:5288: checking for gcc
configure:5304: found /usr/bin/gcc
configure:5315: result: gcc
configure:5544: checking for C compiler version
configure:5553: gcc --version >&5
gcc (Ubuntu 5.4.0-6ubuntu1~16.04.4) 5.4.0 20160609
Copyright (C) 2015 Free Software Foundation, Inc.
This is free software; see the source for copying conditions.  There is NO
warranty; not even for MERCHANTABILITY or FITNESS FOR A PARTICULAR PURPOSE.

configure:5564: $? = 0
configure:5553: gcc -v >&5
Using built-in specs.
COLLECT_GCC=gcc
COLLECT_LTO_WRAPPER=/usr/lib/gcc/x86_64-linux-gnu/5/lto-wrapper
Target: x86_64-linux-gnu
Configured with: ../src/configure -v --with-pkgversion='Ubuntu 5.4.0-6ubuntu1~16.04.4' --with-bugurl=file:///usr/share/doc/gcc-5/README.Bugs --enable-languages=c,ada,c++,java,go,d,fortran,objc,obj-c++ --prefix=/usr --program-suffix=-5 --enable-shared --enable-linker-build-id --libexecdir=/usr/lib --without-included-gettext --enable-threads=posix --libdir=/usr/lib --enable-nls --with-sysroot=/ --enable-clocale=gnu --enable-libstdcxx-debug --enable-libstdcxx-time=yes --with-default-libstdcxx-abi=new --enable-gnu-unique-object --disable-vtable-verify --enable-libmpx --enable-plugin --with-system-zlib --disable-browser-plugin --enable-java-awt=gtk --enable-gtk-cairo --with-java-home=/usr/lib/jvm/java-1.5.0-gcj-5-amd64/jre --enable-java-home --with-jvm-root-dir=/usr/lib/jvm/java-1.5.0-gcj-5-amd64 --with-jvm-jar-dir=/usr/lib/jvm-exports/java-1.5.0-gcj-5-amd64 --with-arch-directory=amd64 --with-ecj-jar=/usr/share/java/eclipse-ecj.jar --enable-objc-gc --enable-multiarch --disable-werror --with-arch-32=i686 --with-abi=m64 --with-multilib-list=m32,m64,mx32 --enable-multilib --with-tune=generic --enable-checking=release --build=x86_64-linux-gnu --host=x86_64-linux-gnu --target=x86_64-linux-gnu
Thread model: posix
gcc version 5.4.0 20160609 (Ubuntu 5.4.0-6ubuntu1~16.04.4) 
configure:5564: $? = 0
configure:5553: gcc -V >&5
gcc: error: unrecognized command line option '-V'
gcc: fatal error: no input files
compilation terminated.
configure:5564: $? = 1
configure:5553: gcc -qversion >&5
gcc: error: unrecognized command line option '-qversion'
gcc: fatal error: no input files
compilation terminated.
configure:5564: $? = 1
configure:5584: checking whether the C compiler works
configure:5606: gcc    conftest.c  >&5
configure:5610: $? = 0
configure:5658: result: yes
configure:5661: checking for C compiler default output file name
configure:5663: result: a.out
configure:5669: checking for suffix of executables
configure:5676: gcc -o conftest    conftest.c  >&5
configure:5680: $? = 0
configure:5702: result: 
configure:5724: checking whether we are cross compiling
configure:5732: gcc -o conftest    conftest.c  >&5
configure:5736: $? = 0
configure:5743: ./conftest
configure:5747: $? = 0
configure:5762: result: no
configure:5767: checking for suffix of object files
configure:5789: gcc -c   conftest.c >&5
configure:5793: $? = 0
configure:5814: result: o
configure:5818: checking whether we are using the GNU C compiler
configure:5837: gcc -c   conftest.c >&5
configure:5837: $? = 0
configure:5846: result: yes
configure:5855: checking whether gcc accepts -g
configure:5875: gcc -c -g  conftest.c >&5
configure:5875: $? = 0
configure:5916: result: yes
configure:5933: checking for gcc option to accept ISO C89
configure:5996: gcc  -c -g -O2  conftest.c >&5
configure:5996: $? = 0
configure:6009: result: none needed
configure:6034: checking whether gcc understands -c and -o together
configure:6056: gcc -c conftest.c -o conftest2.o
configure:6059: $? = 0
configure:6056: gcc -c conftest.c -o conftest2.o
configure:6059: $? = 0
configure:6071: result: yes
configure:6099: checking for style of include used by make
configure:6127: result: GNU
configure:6153: checking dependency style of gcc
configure:6264: result: gcc3
configure:6338: checking for g++
configure:6354: found /usr/bin/g++
configure:6365: result: g++
configure:6392: checking for C++ compiler version
configure:6401: g++ --version >&5
g++ (Ubuntu 5.4.0-6ubuntu1~16.04.4) 5.4.0 20160609
Copyright (C) 2015 Free Software Foundation, Inc.
This is free software; see the source for copying conditions.  There is NO
warranty; not even for MERCHANTABILITY or FITNESS FOR A PARTICULAR PURPOSE.

configure:6412: $? = 0
configure:6401: g++ -v >&5
Using built-in specs.
COLLECT_GCC=g++
COLLECT_LTO_WRAPPER=/usr/lib/gcc/x86_64-linux-gnu/5/lto-wrapper
Target: x86_64-linux-gnu
Configured with: ../src/configure -v --with-pkgversion='Ubuntu 5.4.0-6ubuntu1~16.04.4' --with-bugurl=file:///usr/share/doc/gcc-5/README.Bugs --enable-languages=c,ada,c++,java,go,d,fortran,objc,obj-c++ --prefix=/usr --program-suffix=-5 --enable-shared --enable-linker-build-id --libexecdir=/usr/lib --without-included-gettext --enable-threads=posix --libdir=/usr/lib --enable-nls --with-sysroot=/ --enable-clocale=gnu --enable-libstdcxx-debug --enable-libstdcxx-time=yes --with-default-libstdcxx-abi=new --enable-gnu-unique-object --disable-vtable-verify --enable-libmpx --enable-plugin --with-system-zlib --disable-browser-plugin --enable-java-awt=gtk --enable-gtk-cairo --with-java-home=/usr/lib/jvm/java-1.5.0-gcj-5-amd64/jre --enable-java-home --with-jvm-root-dir=/usr/lib/jvm/java-1.5.0-gcj-5-amd64 --with-jvm-jar-dir=/usr/lib/jvm-exports/java-1.5.0-gcj-5-amd64 --with-arch-directory=amd64 --with-ecj-jar=/usr/share/java/eclipse-ecj.jar --enable-objc-gc --enable-multiarch --disable-werror --with-arch-32=i686 --with-abi=m64 --with-multilib-list=m32,m64,mx32 --enable-multilib --with-tune=generic --enable-checking=release --build=x86_64-linux-gnu --host=x86_64-linux-gnu --target=x86_64-linux-gnu
Thread model: posix
gcc version 5.4.0 20160609 (Ubuntu 5.4.0-6ubuntu1~16.04.4) 
configure:6412: $? = 0
configure:6401: g++ -V >&5
g++: error: unrecognized command line option '-V'
g++: fatal error: no input files
compilation terminated.
configure:6412: $? = 1
configure:6401: g++ -qversion >&5
g++: error: unrecognized command line option '-qversion'
g++: fatal error: no input files
compilation terminated.
configure:6412: $? = 1
configure:6416: checking whether we are using the GNU C++ compiler
configure:6435: g++ -c   conftest.cpp >&5
configure:6435: $? = 0
configure:6444: result: yes
configure:6453: checking whether g++ accepts -g
configure:6473: g++ -c -g  conftest.cpp >&5
configure:6473: $? = 0
configure:6514: result: yes
configure:6539: checking dependency style of g++
configure:6650: result: gcc3
configure:6666: checking whether ln -s works
configure:6670: result: yes
configure:6708: checking build system type
configure:6722: result: x86_64-unknown-linux-gnu
configure:6742: checking host system type
configure:6755: result: x86_64-unknown-linux-gnu
configure:6796: checking how to print strings
configure:6823: result: printf
configure:6844: checking for a sed that does not truncate output
configure:6908: result: /bin/sed
configure:6926: checking for grep that handles long lines and -e
configure:6984: result: /bin/grep
configure:6989: checking for egrep
configure:7051: result: /bin/grep -E
configure:7056: checking for fgrep
configure:7118: result: /bin/grep -F
configure:7153: checking for ld used by gcc
configure:7220: result: /usr/bin/ld
configure:7227: checking if the linker (/usr/bin/ld) is GNU ld
configure:7242: result: yes
configure:7254: checking for BSD- or MS-compatible name lister (nm)
configure:7303: result: /usr/bin/nm -B
configure:7433: checking the name lister (/usr/bin/nm -B) interface
configure:7440: gcc -c -g -O2  conftest.c >&5
configure:7443: /usr/bin/nm -B "conftest.o"
configure:7446: output
0000000000000000 B some_variable
configure:7453: result: BSD nm
configure:7457: checking the maximum length of command line arguments
configure:7588: result: 1572864
configure:7605: checking whether the shell understands some XSI constructs
configure:7615: result: yes
configure:7619: checking whether the shell understands "+="
configure:7625: result: yes
configure:7660: checking how to convert x86_64-unknown-linux-gnu file names to x86_64-unknown-linux-gnu format
configure:7700: result: func_convert_file_noop
configure:7707: checking how to convert x86_64-unknown-linux-gnu file names to toolchain format
configure:7727: result: func_convert_file_noop
configure:7734: checking for /usr/bin/ld option to reload object files
configure:7741: result: -r
configure:7815: checking for objdump
configure:7831: found /usr/bin/objdump
configure:7842: result: objdump
configure:7874: checking how to recognize dependent libraries
configure:8072: result: pass_all
configure:8157: checking for dlltool
configure:8187: result: no
configure:8217: checking how to associate runtime and link libraries
configure:8244: result: printf %s\n
configure:8305: checking for ar
configure:8321: found /usr/bin/ar
configure:8332: result: ar
configure:8369: checking for archiver @FILE support
configure:8386: gcc -c -g -O2  conftest.c >&5
configure:8386: $? = 0
configure:8389: ar cru libconftest.a @conftest.lst >&5
ar: `u' modifier ignored since `D' is the default (see `U')
configure:8392: $? = 0
configure:8397: ar cru libconftest.a @conftest.lst >&5
ar: `u' modifier ignored since `D' is the default (see `U')
ar: conftest.o: No such file or directory
configure:8400: $? = 1
configure:8412: result: @
configure:8470: checking for strip
configure:8486: found /usr/bin/strip
configure:8497: result: strip
configure:8569: checking for ranlib
configure:8585: found /usr/bin/ranlib
configure:8596: result: ranlib
configure:8698: checking command to parse /usr/bin/nm -B output from gcc object
configure:8818: gcc -c -g -O2  conftest.c >&5
configure:8821: $? = 0
configure:8825: /usr/bin/nm -B conftest.o \| sed -n -e 's/^.*[ ]\([ABCDGIRSTW][ABCDGIRSTW]*\)[ ][ ]*\([_A-Za-z][_A-Za-z0-9]*\)$/\1 \2 \2/p' | sed '/ __gnu_lto/d' \> conftest.nm
configure:8828: $? = 0
configure:8894: gcc -o conftest -g -O2   conftest.c conftstm.o >&5
configure:8897: $? = 0
configure:8935: result: ok
configure:8972: checking for sysroot
configure:9002: result: no
configure:9079: gcc -c -g -O2  conftest.c >&5
configure:9082: $? = 0
configure:9271: checking for mt
configure:9287: found /bin/mt
configure:9298: result: mt
configure:9321: checking if mt is a manifest tool
configure:9327: mt '-?'
configure:9335: result: no
configure:9977: checking how to run the C preprocessor
configure:10008: gcc -E  conftest.c
configure:10008: $? = 0
configure:10022: gcc -E  conftest.c
conftest.c:13:28: fatal error: ac_nonexistent.h: No such file or directory
compilation terminated.
configure:10022: $? = 1
configure: failed program was:
| /* confdefs.h */
| #define PACKAGE_NAME "zookeeper C client"
| #define PACKAGE_TARNAME "zookeeper"
| #define PACKAGE_VERSION "3.4.9"
| #define PACKAGE_STRING "zookeeper C client 3.4.9"
| #define PACKAGE_BUGREPORT "user@zookeeper.apache.org"
| #define PACKAGE_URL ""
| #define PACKAGE "zookeeper"
| #define VERSION "3.4.9"
| #define HAVE_GENERATED_ZOOKEEPER_JUTE_C 1
| #define HAVE_GENERATED_ZOOKEEPER_JUTE_H 1
| /* end confdefs.h.  */
| #include <ac_nonexistent.h>
configure:10047: result: gcc -E
configure:10067: gcc -E  conftest.c
configure:10067: $? = 0
configure:10081: gcc -E  conftest.c
conftest.c:13:28: fatal error: ac_nonexistent.h: No such file or directory
compilation terminated.
configure:10081: $? = 1
configure: failed program was:
| /* confdefs.h */
| #define PACKAGE_NAME "zookeeper C client"
| #define PACKAGE_TARNAME "zookeeper"
| #define PACKAGE_VERSION "3.4.9"
| #define PACKAGE_STRING "zookeeper C client 3.4.9"
| #define PACKAGE_BUGREPORT "user@zookeeper.apache.org"
| #define PACKAGE_URL ""
| #define PACKAGE "zookeeper"
| #define VERSION "3.4.9"
| #define HAVE_GENERATED_ZOOKEEPER_JUTE_C 1
| #define HAVE_GENERATED_ZOOKEEPER_JUTE_H 1
| /* end confdefs.h.  */
| #include <ac_nonexistent.h>
configure:10110: checking for ANSI C header files
configure:10130: gcc -c -g -O2  conftest.c >&5
configure:10130: $? = 0
configure:10203: gcc -o conftest -g -O2   conftest.c  >&5
configure:10203: $? = 0
configure:10203: ./conftest
configure:10203: $? = 0
configure:10214: result: yes
configure:10227: checking for sys/types.h
configure:10227: gcc -c -g -O2  conftest.c >&5
configure:10227: $? = 0
configure:10227: result: yes
configure:10227: checking for sys/stat.h
configure:10227: gcc -c -g -O2  conftest.c >&5
configure:10227: $? = 0
configure:10227: result: yes
configure:10227: checking for stdlib.h
configure:10227: gcc -c -g -O2  conftest.c >&5
configure:10227: $? = 0
configure:10227: result: yes
configure:10227: checking for string.h
configure:10227: gcc -c -g -O2  conftest.c >&5
configure:10227: $? = 0
configure:10227: result: yes
configure:10227: checking for memory.h
configure:10227: gcc -c -g -O2  conftest.c >&5
configure:10227: $? = 0
configure:10227: result: yes
configure:10227: checking for strings.h
configure:10227: gcc -c -g -O2  conftest.c >&5
configure:10227: $? = 0
configure:10227: result: yes
configure:10227: checking for inttypes.h
configure:10227: gcc -c -g -O2  conftest.c >&5
configure:10227: $? = 0
configure:10227: result: yes
configure:10227: checking for stdint.h
configure:10227: gcc -c -g -O2  conftest.c >&5
configure:10227: $? = 0
configure:10227: result: yes
configure:10227: checking for unistd.h
configure:10227: gcc -c -g -O2  conftest.c >&5
configure:10227: $? = 0
configure:10227: result: yes
configure:10241: checking for dlfcn.h
configure:10241: gcc -c -g -O2  conftest.c >&5
configure:10241: $? = 0
configure:10241: result: yes
configure:10458: checking for objdir
configure:10473: result: .libs
configure:10740: checking if gcc supports -fno-rtti -fno-exceptions
configure:10758: gcc -c -g -O2  -fno-rtti -fno-exceptions conftest.c >&5
cc1: warning: command line option '-fno-rtti' is valid for C++/ObjC++ but not for C
configure:10762: $? = 0
configure:10775: result: no
configure:11102: checking for gcc option to produce PIC
configure:11109: result: -fPIC -DPIC
configure:11117: checking if gcc PIC flag -fPIC -DPIC works
configure:11135: gcc -c -g -O2  -fPIC -DPIC -DPIC conftest.c >&5
configure:11139: $? = 0
configure:11152: result: yes
configure:11181: checking if gcc static flag -static works
configure:11209: result: yes
configure:11224: checking if gcc supports -c -o file.o
configure:11245: gcc -c -g -O2  -o out/conftest2.o conftest.c >&5
configure:11249: $? = 0
configure:11271: result: yes
configure:11279: checking if gcc supports -c -o file.o
configure:11326: result: yes
configure:11359: checking whether the gcc linker (/usr/bin/ld -m elf_x86_64) supports shared libraries
configure:12516: result: yes
configure:12553: checking whether -lc should be explicitly linked in
configure:12561: gcc -c -g -O2  conftest.c >&5
configure:12564: $? = 0
configure:12579: gcc -shared  -fPIC -DPIC conftest.o  -v -Wl,-soname -Wl,conftest -o conftest 2\>\&1 \| /bin/grep  -lc  \>/dev/null 2\>\&1
configure:12582: $? = 0
configure:12596: result: no
configure:12756: checking dynamic linker characteristics
configure:13256: gcc -o conftest -g -O2   -Wl,-rpath -Wl,/foo conftest.c  >&5
configure:13256: $? = 0
configure:13490: result: GNU/Linux ld.so
configure:13597: checking how to hardcode library paths into programs
configure:13622: result: immediate
configure:14162: checking whether stripping libraries is possible
configure:14167: result: yes
configure:14202: checking if libtool supports shared libraries
configure:14204: result: yes
configure:14207: checking whether to build shared libraries
configure:14228: result: yes
configure:14231: checking whether to build static libraries
configure:14235: result: yes
configure:14258: checking how to run the C++ preprocessor
configure:14285: g++ -E  conftest.cpp
configure:14285: $? = 0
configure:14299: g++ -E  conftest.cpp
conftest.cpp:25:28: fatal error: ac_nonexistent.h: No such file or directory
compilation terminated.
configure:14299: $? = 1
configure: failed program was:
| /* confdefs.h */
| #define PACKAGE_NAME "zookeeper C client"
| #define PACKAGE_TARNAME "zookeeper"
| #define PACKAGE_VERSION "3.4.9"
| #define PACKAGE_STRING "zookeeper C client 3.4.9"
| #define PACKAGE_BUGREPORT "user@zookeeper.apache.org"
| #define PACKAGE_URL ""
| #define PACKAGE "zookeeper"
| #define VERSION "3.4.9"
| #define HAVE_GENERATED_ZOOKEEPER_JUTE_C 1
| #define HAVE_GENERATED_ZOOKEEPER_JUTE_H 1
| #define STDC_HEADERS 1
| #define HAVE_SYS_TYPES_H 1
| #define HAVE_SYS_STAT_H 1
| #define HAVE_STDLIB_H 1
| #define HAVE_STRING_H 1
| #define HAVE_MEMORY_H 1
| #define HAVE_STRINGS_H 1
| #define HAVE_INTTYPES_H 1
| #define HAVE_STDINT_H 1
| #define HAVE_UNISTD_H 1
| #define HAVE_DLFCN_H 1
| #define LT_OBJDIR ".libs/"
| /* end confdefs.h.  */
| #include <ac_nonexistent.h>
configure:14324: result: g++ -E
configure:14344: g++ -E  conftest.cpp
configure:14344: $? = 0
configure:14358: g++ -E  conftest.cpp
conftest.cpp:25:28: fatal error: ac_nonexistent.h: No such file or directory
compilation terminated.
configure:14358: $? = 1
configure: failed program was:
| /* confdefs.h */
| #define PACKAGE_NAME "zookeeper C client"
| #define PACKAGE_TARNAME "zookeeper"
| #define PACKAGE_VERSION "3.4.9"
| #define PACKAGE_STRING "zookeeper C client 3.4.9"
| #define PACKAGE_BUGREPORT "user@zookeeper.apache.org"
| #define PACKAGE_URL ""
| #define PACKAGE "zookeeper"
| #define VERSION "3.4.9"
| #define HAVE_GENERATED_ZOOKEEPER_JUTE_C 1
| #define HAVE_GENERATED_ZOOKEEPER_JUTE_H 1
| #define STDC_HEADERS 1
| #define HAVE_SYS_TYPES_H 1
| #define HAVE_SYS_STAT_H 1
| #define HAVE_STDLIB_H 1
| #define HAVE_STRING_H 1
| #define HAVE_MEMORY_H 1
| #define HAVE_STRINGS_H 1
| #define HAVE_INTTYPES_H 1
| #define HAVE_STDINT_H 1
| #define HAVE_UNISTD_H 1
| #define HAVE_DLFCN_H 1
| #define LT_OBJDIR ".libs/"
| /* end confdefs.h.  */
| #include <ac_nonexistent.h>
configure:14527: checking for ld used by g++
configure:14594: result: /usr/bin/ld -m elf_x86_64
configure:14601: checking if the linker (/usr/bin/ld -m elf_x86_64) is GNU ld
configure:14616: result: yes
configure:14671: checking whether the g++ linker (/usr/bin/ld -m elf_x86_64) supports shared libraries
configure:15673: result: yes
configure:15709: g++ -c -g -O2  conftest.cpp >&5
configure:15712: $? = 0
configure:16232: checking for g++ option to produce PIC
configure:16239: result: -fPIC -DPIC
configure:16247: checking if g++ PIC flag -fPIC -DPIC works
configure:16265: g++ -c -g -O2  -fPIC -DPIC -DPIC conftest.cpp >&5
configure:16269: $? = 0
configure:16282: result: yes
configure:16305: checking if g++ static flag -static works
configure:16333: result: yes
configure:16345: checking if g++ supports -c -o file.o
configure:16366: g++ -c -g -O2  -o out/conftest2.o conftest.cpp >&5
configure:16370: $? = 0
configure:16392: result: yes
configure:16397: checking if g++ supports -c -o file.o
configure:16444: result: yes
configure:16474: checking whether the g++ linker (/usr/bin/ld -m elf_x86_64) supports shared libraries
configure:16513: result: yes
configure:16654: checking dynamic linker characteristics
configure:17322: result: GNU/Linux ld.so
configure:17375: checking how to hardcode library paths into programs
configure:17400: result: immediate
configure:17506: checking for pthread_mutex_lock in -lpthread
configure:17531: gcc -o conftest -g -O2 -D_GNU_SOURCE   conftest.c -lpthread   >&5
configure:17531: $? = 0
configure:17540: result: yes
configure:17555: building with SyncAPI support
configure:17572: checking for ANSI C header files
configure:17676: result: yes
configure:17687: checking arpa/inet.h usability
configure:17687: gcc -c -g -O2 -D_GNU_SOURCE  conftest.c >&5
configure:17687: $? = 0
configure:17687: result: yes
configure:17687: checking arpa/inet.h presence
configure:17687: gcc -E  conftest.c
configure:17687: $? = 0
configure:17687: result: yes
configure:17687: checking for arpa/inet.h
configure:17687: result: yes
configure:17687: checking fcntl.h usability
configure:17687: gcc -c -g -O2 -D_GNU_SOURCE  conftest.c >&5
configure:17687: $? = 0
configure:17687: result: yes
configure:17687: checking fcntl.h presence
configure:17687: gcc -E  conftest.c
configure:17687: $? = 0
configure:17687: result: yes
configure:17687: checking for fcntl.h
configure:17687: result: yes
configure:17687: checking netdb.h usability
configure:17687: gcc -c -g -O2 -D_GNU_SOURCE  conftest.c >&5
configure:17687: $? = 0
configure:17687: result: yes
configure:17687: checking netdb.h presence
configure:17687: gcc -E  conftest.c
configure:17687: $? = 0
configure:17687: result: yes
configure:17687: checking for netdb.h
configure:17687: result: yes
configure:17687: checking netinet/in.h usability
configure:17687: gcc -c -g -O2 -D_GNU_SOURCE  conftest.c >&5
configure:17687: $? = 0
configure:17687: result: yes
configure:17687: checking netinet/in.h presence
configure:17687: gcc -E  conftest.c
configure:17687: $? = 0
configure:17687: result: yes
configure:17687: checking for netinet/in.h
configure:17687: result: yes
configure:17687: checking for stdlib.h
configure:17687: result: yes
configure:17687: checking for string.h
configure:17687: result: yes
configure:17687: checking sys/socket.h usability
configure:17687: gcc -c -g -O2 -D_GNU_SOURCE  conftest.c >&5
configure:17687: $? = 0
configure:17687: result: yes
configure:17687: checking sys/socket.h presence
configure:17687: gcc -E  conftest.c
configure:17687: $? = 0
configure:17687: result: yes
configure:17687: checking for sys/socket.h
configure:17687: result: yes
configure:17687: checking sys/time.h usability
configure:17687: gcc -c -g -O2 -D_GNU_SOURCE  conftest.c >&5
configure:17687: $? = 0
configure:17687: result: yes
configure:17687: checking sys/time.h presence
configure:17687: gcc -E  conftest.c
configure:17687: $? = 0
configure:17687: result: yes
configure:17687: checking for sys/time.h
configure:17687: result: yes
configure:17687: checking for unistd.h
configure:17687: result: yes
configure:17687: checking sys/utsname.h usability
configure:17687: gcc -c -g -O2 -D_GNU_SOURCE  conftest.c >&5
configure:17687: $? = 0
configure:17687: result: yes
configure:17687: checking sys/utsname.h presence
configure:17687: gcc -E  conftest.c
configure:17687: $? = 0
configure:17687: result: yes
configure:17687: checking for sys/utsname.h
configure:17687: result: yes
configure:17699: checking for an ANSI C-conforming const
configure:17765: gcc -c -g -O2 -D_GNU_SOURCE  conftest.c >&5
configure:17765: $? = 0
configure:17772: result: yes
configure:17780: checking for inline
configure:17796: gcc -c -g -O2 -D_GNU_SOURCE  conftest.c >&5
configure:17796: $? = 0
configure:17804: result: inline
configure:17822: checking whether time.h and sys/time.h may both be included
configure:17842: gcc -c -g -O2 -D_GNU_SOURCE  conftest.c >&5
configure:17842: $? = 0
configure:17849: result: yes
configure:17857: checking for nfds_t
configure:17857: gcc -c -g -O2 -D_GNU_SOURCE  conftest.c >&5
configure:17857: $? = 0
configure:17857: gcc -c -g -O2 -D_GNU_SOURCE  conftest.c >&5
conftest.c: In function 'main':
conftest.c:42:21: error: expected expression before ')' token
 if (sizeof ((nfds_t)))
                     ^
configure:17857: $? = 1
configure: failed program was:
| /* confdefs.h */
| #define PACKAGE_NAME "zookeeper C client"
| #define PACKAGE_TARNAME "zookeeper"
| #define PACKAGE_VERSION "3.4.9"
| #define PACKAGE_STRING "zookeeper C client 3.4.9"
| #define PACKAGE_BUGREPORT "user@zookeeper.apache.org"
| #define PACKAGE_URL ""
| #define PACKAGE "zookeeper"
| #define VERSION "3.4.9"
| #define HAVE_GENERATED_ZOOKEEPER_JUTE_C 1
| #define HAVE_GENERATED_ZOOKEEPER_JUTE_H 1
| #define STDC_HEADERS 1
| #define HAVE_SYS_TYPES_H 1
| #define HAVE_SYS_STAT_H 1
| #define HAVE_STDLIB_H 1
| #define HAVE_STRING_H 1
| #define HAVE_MEMORY_H 1
| #define HAVE_STRINGS_H 1
| #define HAVE_INTTYPES_H 1
| #define HAVE_STDINT_H 1
| #define HAVE_UNISTD_H 1
| #define HAVE_DLFCN_H 1
| #define LT_OBJDIR ".libs/"
| #define STDC_HEADERS 1
| #define HAVE_ARPA_INET_H 1
| #define HAVE_FCNTL_H 1
| #define HAVE_NETDB_H 1
| #define HAVE_NETINET_IN_H 1
| #define HAVE_STDLIB_H 1
| #define HAVE_STRING_H 1
| #define HAVE_SYS_SOCKET_H 1
| #define HAVE_SYS_TIME_H 1
| #define HAVE_UNISTD_H 1
| #define HAVE_SYS_UTSNAME_H 1
| #define TIME_WITH_SYS_TIME 1
| /* end confdefs.h.  */
| #include <poll.h>
| 
| int
| main ()
| {
| if (sizeof ((nfds_t)))
| 	    return 0;
|   ;
|   return 0;
| }
configure:17857: result: yes
configure:17870: checking whether to enable ipv6
configure:17892: gcc -o conftest -g -O2 -D_GNU_SOURCE   conftest.c  >&5
conftest.c:41:1: warning: return type defaults to 'int' [-Wimplicit-int]
 main()
 ^
conftest.c: In function 'main':
conftest.c:44:4: warning: implicit declaration of function 'exit' [-Wimplicit-function-declaration]
    exit(1);
    ^
conftest.c:44:4: warning: incompatible implicit declaration of built-in function 'exit'
conftest.c:44:4: note: include '<stdlib.h>' or provide a declaration of 'exit'
conftest.c:46:4: warning: incompatible implicit declaration of built-in function 'exit'
    exit(0);
    ^
conftest.c:46:4: note: include '<stdlib.h>' or provide a declaration of 'exit'
configure:17892: $? = 0
configure:17892: ./conftest
configure:17892: $? = 0
configure:17893: result: yes
configure:17915: checking for getcwd
configure:17915: gcc -o conftest -g -O2 -D_GNU_SOURCE   conftest.c  >&5
configure:17915: $? = 0
configure:17915: result: yes
configure:17915: checking for gethostbyname
configure:17915: gcc -o conftest -g -O2 -D_GNU_SOURCE   conftest.c  >&5
configure:17915: $? = 0
configure:17915: result: yes
configure:17915: checking for gethostname
configure:17915: gcc -o conftest -g -O2 -D_GNU_SOURCE   conftest.c  >&5
configure:17915: $? = 0
configure:17915: result: yes
configure:17915: checking for getlogin
configure:17915: gcc -o conftest -g -O2 -D_GNU_SOURCE   conftest.c  >&5
configure:17915: $? = 0
configure:17915: result: yes
configure:17915: checking for getpwuid_r
configure:17915: gcc -o conftest -g -O2 -D_GNU_SOURCE   conftest.c  >&5
configure:17915: $? = 0
configure:17915: result: yes
configure:17915: checking for gettimeofday
configure:17915: gcc -o conftest -g -O2 -D_GNU_SOURCE   conftest.c  >&5
configure:17915: $? = 0
configure:17915: result: yes
configure:17915: checking for getuid
configure:17915: gcc -o conftest -g -O2 -D_GNU_SOURCE   conftest.c  >&5
configure:17915: $? = 0
configure:17915: result: yes
configure:17915: checking for memmove
configure:17915: gcc -o conftest -g -O2 -D_GNU_SOURCE   conftest.c  >&5
conftest.c:68:6: warning: conflicting types for built-in function 'memmove'
 char memmove ();
      ^
configure:17915: $? = 0
configure:17915: result: yes
configure:17915: checking for memset
configure:17915: gcc -o conftest -g -O2 -D_GNU_SOURCE   conftest.c  >&5
conftest.c:69:6: warning: conflicting types for built-in function 'memset'
 char memset ();
      ^
configure:17915: $? = 0
configure:17915: result: yes
configure:17915: checking for poll
configure:17915: gcc -o conftest -g -O2 -D_GNU_SOURCE   conftest.c  >&5
configure:17915: $? = 0
configure:17915: result: yes
configure:17915: checking for socket
configure:17915: gcc -o conftest -g -O2 -D_GNU_SOURCE   conftest.c  >&5
configure:17915: $? = 0
configure:17915: result: yes
configure:17915: checking for strchr
configure:17915: gcc -o conftest -g -O2 -D_GNU_SOURCE   conftest.c  >&5
conftest.c:72:6: warning: conflicting types for built-in function 'strchr'
 char strchr ();
      ^
configure:17915: $? = 0
configure:17915: result: yes
configure:17915: checking for strdup
configure:17915: gcc -o conftest -g -O2 -D_GNU_SOURCE   conftest.c  >&5
conftest.c:73:6: warning: conflicting types for built-in function 'strdup'
 char strdup ();
      ^
configure:17915: $? = 0
configure:17915: result: yes
configure:17915: checking for strerror
configure:17915: gcc -o conftest -g -O2 -D_GNU_SOURCE   conftest.c  >&5
configure:17915: $? = 0
configure:17915: result: yes
configure:17915: checking for strtol
configure:17915: gcc -o conftest -g -O2 -D_GNU_SOURCE   conftest.c  >&5
configure:17915: $? = 0
configure:17915: result: yes
configure:18141: checking that generated files are newer than configure
configure:18147: result: done
configure:18182: creating ./config.status

## ---------------------- ##
## Running config.status. ##
## ---------------------- ##

This file was extended by zookeeper C client config.status 3.4.9, which was
generated by GNU Autoconf 2.69.  Invocation command line was

  CONFIG_FILES    = 
  CONFIG_HEADERS  = 
  CONFIG_LINKS    = 
  CONFIG_COMMANDS = 
  $ ./config.status 

on Tstore

config.status:1228: creating Makefile
config.status:1228: creating config.h
config.status:1457: executing depfiles commands
config.status:1457: executing libtool commands

## ---------------- ##
## Cache variables. ##
## ---------------- ##

ac_cv_build=x86_64-unknown-linux-gnu
ac_cv_c_compiler_gnu=yes
ac_cv_c_const=yes
ac_cv_c_inline=inline
ac_cv_cxx_compiler_gnu=yes
ac_cv_env_CCC_set=
ac_cv_env_CCC_value=
ac_cv_env_CC_set=
ac_cv_env_CC_value=
ac_cv_env_CFLAGS_set=
ac_cv_env_CFLAGS_value=
ac_cv_env_CPPFLAGS_set=
ac_cv_env_CPPFLAGS_value=
ac_cv_env_CPP_set=
ac_cv_env_CPP_value=
ac_cv_env_CXXCPP_set=
ac_cv_env_CXXCPP_value=
ac_cv_env_CXXFLAGS_set=
ac_cv_env_CXXFLAGS_value=
ac_cv_env_CXX_set=
ac_cv_env_CXX_value=
ac_cv_env_DOXYGEN_PAPER_SIZE_set=
ac_cv_env_DOXYGEN_PAPER_SIZE_value=
ac_cv_env_LDFLAGS_set=
ac_cv_env_LDFLAGS_value=
ac_cv_env_LIBS_set=
ac_cv_env_LIBS_value=
ac_cv_env_build_alias_set=
ac_cv_env_build_alias_value=
ac_cv_env_host_alias_set=
ac_cv_env_host_alias_value=
ac_cv_env_target_alias_set=
ac_cv_env_target_alias_value=
ac_cv_file_generated_zookeeper_jute_c=yes
ac_cv_file_generated_zookeeper_jute_h=yes
ac_cv_func_getcwd=yes
ac_cv_func_gethostbyname=yes
ac_cv_func_gethostname=yes
ac_cv_func_getlogin=yes
ac_cv_func_getpwuid_r=yes
ac_cv_func_gettimeofday=yes
ac_cv_func_getuid=yes
ac_cv_func_memmove=yes
ac_cv_func_memset=yes
ac_cv_func_poll=yes
ac_cv_func_socket=yes
ac_cv_func_strchr=yes
ac_cv_func_strdup=yes
ac_cv_func_strerror=yes
ac_cv_func_strtol=yes
ac_cv_header_arpa_inet_h=yes
ac_cv_header_dlfcn_h=yes
ac_cv_header_fcntl_h=yes
ac_cv_header_inttypes_h=yes
ac_cv_header_memory_h=yes
ac_cv_header_netdb_h=yes
ac_cv_header_netinet_in_h=yes
ac_cv_header_stdc=yes
ac_cv_header_stdint_h=yes
ac_cv_header_stdlib_h=yes
ac_cv_header_string_h=yes
ac_cv_header_strings_h=yes
ac_cv_header_sys_socket_h=yes
ac_cv_header_sys_stat_h=yes
ac_cv_header_sys_time_h=yes
ac_cv_header_sys_types_h=yes
ac_cv_header_sys_utsname_h=yes
ac_cv_header_time=yes
ac_cv_header_unistd_h=yes
ac_cv_host=x86_64-unknown-linux-gnu
ac_cv_lib_pthread_pthread_mutex_lock=yes
ac_cv_objext=o
ac_cv_path_CPPUNIT_CONFIG=no
ac_cv_path_EGREP='/bin/grep -E'
ac_cv_path_FGREP='/bin/grep -F'
ac_cv_path_GREP=/bin/grep
ac_cv_path_SED=/bin/sed
ac_cv_path_ac_pt_DX_PERL=/usr/bin/perl
ac_cv_path_install='/usr/bin/install -c'
ac_cv_path_mkdir=/bin/mkdir
ac_cv_prog_AWK=gawk
ac_cv_prog_CPP='gcc -E'
ac_cv_prog_CXXCPP='g++ -E'
ac_cv_prog_ac_ct_AR=ar
ac_cv_prog_ac_ct_CC=gcc
ac_cv_prog_ac_ct_CXX=g++
ac_cv_prog_ac_ct_MANIFEST_TOOL=mt
ac_cv_prog_ac_ct_OBJDUMP=objdump
ac_cv_prog_ac_ct_RANLIB=ranlib
ac_cv_prog_ac_ct_STRIP=strip
ac_cv_prog_cc_c89=
ac_cv_prog_cc_g=yes
ac_cv_prog_cxx_g=yes
ac_cv_prog_make_make_set=yes
ac_cv_type_nfds_t=yes
am_cv_CC_dependencies_compiler_type=gcc3
am_cv_CXX_dependencies_compiler_type=gcc3
am_cv_make_support_nested_variables=yes
am_cv_prog_cc_c_o=yes
lt_cv_ar_at_file=@
lt_cv_archive_cmds_need_lc=no
lt_cv_deplibs_check_method=pass_all
lt_cv_file_magic_cmd='$MAGIC_CMD'
lt_cv_file_magic_test_file=
lt_cv_ld_reload_flag=-r
lt_cv_nm_interface='BSD nm'
lt_cv_objdir=.libs
lt_cv_path_LD=/usr/bin/ld
lt_cv_path_LDCXX='/usr/bin/ld -m elf_x86_64'
lt_cv_path_NM='/usr/bin/nm -B'
lt_cv_path_mainfest_tool=no
lt_cv_prog_compiler_c_o=yes
lt_cv_prog_compiler_c_o_CXX=yes
lt_cv_prog_compiler_pic='-fPIC -DPIC'
lt_cv_prog_compiler_pic_CXX='-fPIC -DPIC'
lt_cv_prog_compiler_pic_works=yes
lt_cv_prog_compiler_pic_works_CXX=yes
lt_cv_prog_compiler_rtti_exceptions=no
lt_cv_prog_compiler_static_works=yes
lt_cv_prog_compiler_static_works_CXX=yes
lt_cv_prog_gnu_ld=yes
lt_cv_prog_gnu_ldcxx=yes
lt_cv_sharedlib_from_linklib_cmd='printf %s\n'
lt_cv_shlibpath_overrides_runpath=no
lt_cv_sys_global_symbol_pipe='sed -n -e '\''s/^.*[	 ]\([ABCDGIRSTW][ABCDGIRSTW]*\)[	 ][	 ]*\([_A-Za-z][_A-Za-z0-9]*\)$/\1 \2 \2/p'\'' | sed '\''/ __gnu_lto/d'\'''
lt_cv_sys_global_symbol_to_c_name_address='sed -n -e '\''s/^: \([^ ]*\)[ ]*$/  {\"\1\", (void *) 0},/p'\'' -e '\''s/^[ABCDGIRSTW]* \([^ ]*\) \([^ ]*\)$/  {"\2", (void *) \&\2},/p'\'''
lt_cv_sys_global_symbol_to_c_name_address_lib_prefix='sed -n -e '\''s/^: \([^ ]*\)[ ]*$/  {\"\1\", (void *) 0},/p'\'' -e '\''s/^[ABCDGIRSTW]* \([^ ]*\) \(lib[^ ]*\)$/  {"\2", (void *) \&\2},/p'\'' -e '\''s/^[ABCDGIRSTW]* \([^ ]*\) \([^ ]*\)$/  {"lib\2", (void *) \&\2},/p'\'''
lt_cv_sys_global_symbol_to_cdecl='sed -n -e '\''s/^T .* \(.*\)$/extern int \1();/p'\'' -e '\''s/^[ABCDGIRSTW]* .* \(.*\)$/extern char \1;/p'\'''
lt_cv_sys_max_cmd_len=1572864
lt_cv_to_host_file_cmd=func_convert_file_noop
lt_cv_to_tool_file_cmd=func_convert_file_noop

## ----------------- ##
## Output variables. ##
## ----------------- ##

ACLOCAL='${SHELL} /home/jingle/ClionProjects/TkDatabase/c/missing aclocal-1.14'
AMDEPBACKSLASH='\'
AMDEP_FALSE='#'
AMDEP_TRUE=''
AMTAR='$${TAR-tar}'
AM_BACKSLASH='\'
AM_DEFAULT_V='$(AM_DEFAULT_VERBOSITY)'
AM_DEFAULT_VERBOSITY='1'
AM_V='$(V)'
AR='ar'
AUTOCONF='${SHELL} /home/jingle/ClionProjects/TkDatabase/c/missing autoconf'
AUTOHEADER='${SHELL} /home/jingle/ClionProjects/TkDatabase/c/missing autoheader'
AUTOMAKE='${SHELL} /home/jingle/ClionProjects/TkDatabase/c/missing automake-1.14'
AWK='gawk'
CC='gcc'
CCDEPMODE='depmode=gcc3'
CFLAGS='-g -O2 -D_GNU_SOURCE'
CPP='gcc -E'
CPPFLAGS=''
CPPUNIT_CFLAGS=' -DZKSERVER_CMD="\"./tests/zkServer.sh\""'
CPPUNIT_CONFIG='no'
CPPUNIT_LIBS=''
CXX='g++'
CXXCPP='g++ -E'
CXXDEPMODE='depmode=gcc3'
CXXFLAGS='-g -O2'
CYGPATH_W='echo'
DEFS='-DHAVE_CONFIG_H'
DEPDIR='.deps'
DLLTOOL='false'
DOXYGEN_PAPER_SIZE=''
DSYMUTIL=''
DUMPBIN=''
DX_COND_chi_FALSE=''
DX_COND_chi_TRUE='#'
DX_COND_chm_FALSE=''
DX_COND_chm_TRUE='#'
DX_COND_doc_FALSE='#'
DX_COND_doc_TRUE=''
DX_COND_dot_FALSE='#'
DX_COND_dot_TRUE=''
DX_COND_html_FALSE='#'
DX_COND_html_TRUE=''
DX_COND_latex_FALSE=''
DX_COND_latex_TRUE='#'
DX_COND_man_FALSE=''
DX_COND_man_TRUE='#'
DX_COND_pdf_FALSE=''
DX_COND_pdf_TRUE='#'
DX_COND_ps_FALSE=''
DX_COND_ps_TRUE='#'
DX_COND_rtf_FALSE=''
DX_COND_rtf_TRUE='#'
DX_COND_xml_FALSE=''
DX_COND_xml_TRUE='#'
DX_CONFIG='c-doc.Doxyfile'
DX_DOCDIR='docs'
DX_DOT=''
DX_DOXYGEN=''
DX_DVIPS=''
DX_EGREP=''
DX_ENV=' SRCDIR='\''.'\'' PROJECT='\''zookeeper'\'' DOCDIR='\''docs'\'' VERSION='\''3.4.9'\'' PERL_PATH='\''/usr/bin/perl'\'' HAVE_DOT='\''YES'\'' DOT_PATH='\''.'\'' GENERATE_MAN='\''NO'\'' GENERATE_RTF='\''NO'\'' GENERATE_XML='\''NO'\'' GENERATE_HTMLHELP='\''NO'\'' GENERATE_CHI='\''NO'\'' GENERATE_HTML='\''YES'\'' GENERATE_LATEX='\''NO'\'''
DX_FLAG_chi='0'
DX_FLAG_chm='0'
DX_FLAG_doc='1'
DX_FLAG_dot='1'
DX_FLAG_html='1'
DX_FLAG_man='0'
DX_FLAG_pdf='0'
DX_FLAG_ps='0'
DX_FLAG_rtf='0'
DX_FLAG_xml='0'
DX_HHC=''
DX_LATEX=''
DX_MAKEINDEX=''
DX_PDFLATEX=''
DX_PERL='/usr/bin/perl'
DX_PROJECT='zookeeper'
ECHO_C=''
ECHO_N='-n'
ECHO_T=''
EGREP='/bin/grep -E'
EXEEXT=''
FGREP='/bin/grep -F'
GREP='/bin/grep'
INSTALL_DATA='${INSTALL} -m 644'
INSTALL_PROGRAM='${INSTALL}'
INSTALL_SCRIPT='${INSTALL}'
INSTALL_STRIP_PROGRAM='$(install_sh) -c -s'
LD='/usr/bin/ld -m elf_x86_64'
LDFLAGS=''
LIBOBJS=''
LIBS=''
LIBTOOL='$(SHELL) $(top_builddir)/libtool'
LIPO=''
LN_S='ln -s'
LTLIBOBJS=''
MAKEINFO='${SHELL} /home/jingle/ClionProjects/TkDatabase/c/missing makeinfo'
MANIFEST_TOOL=':'
MKDIR_P='/bin/mkdir -p'
NM='/usr/bin/nm -B'
NMEDIT=''
OBJDUMP='objdump'
OBJEXT='o'
OTOOL64=''
OTOOL=''
PACKAGE='zookeeper'
PACKAGE_BUGREPORT='user@zookeeper.apache.org'
PACKAGE_NAME='zookeeper C client'
PACKAGE_STRING='zookeeper C client 3.4.9'
PACKAGE_TARNAME='zookeeper'
PACKAGE_URL=''
PACKAGE_VERSION='3.4.9'
PATH_SEPARATOR=':'
RANLIB='ranlib'
SED='/bin/sed'
SET_MAKE=''
SHELL='/bin/bash'
SOLARIS_FALSE=''
SOLARIS_TRUE='#'
STRIP='strip'
USEIPV6='-DZOO_IPV6_ENABLED'
VERSION='3.4.9'
WANT_SYNCAPI_FALSE='#'
WANT_SYNCAPI_TRUE=''
ac_ct_AR='ar'
ac_ct_CC='gcc'
ac_ct_CXX='g++'
ac_ct_DUMPBIN=''
am__EXEEXT_FALSE=''
am__EXEEXT_TRUE='#'
am__fastdepCC_FALSE='#'
am__fastdepCC_TRUE=''
am__fastdepCXX_FALSE='#'
am__fastdepCXX_TRUE=''
am__include='include'
am__isrc=''
am__leading_dot='.'
am__nodep='_no'
am__quote=''
am__tar='$${TAR-tar} chof - "$$tardir"'
am__untar='$${TAR-tar} xf -'
bindir='${exec_prefix}/bin'
build='x86_64-unknown-linux-gnu'
build_alias=''
build_cpu='x86_64'
build_os='linux-gnu'
build_vendor='unknown'
datadir='${datarootdir}'
datarootdir='${prefix}/share'
docdir='${datarootdir}/doc/${PACKAGE_TARNAME}'
dvidir='${docdir}'
exec_prefix='${prefix}'
host='x86_64-unknown-linux-gnu'
host_alias=''
host_cpu='x86_64'
host_os='linux-gnu'
host_vendor='unknown'
htmldir='${docdir}'
includedir='${prefix}/include'
infodir='${datarootdir}/info'
install_sh='${SHELL} /home/jingle/ClionProjects/TkDatabase/c/install-sh'
libdir='${exec_prefix}/lib'
libexecdir='${exec_prefix}/libexec'
localedir='${datarootdir}/locale'
localstatedir='${prefix}/var'
mandir='${datarootdir}/man'
mkdir_p='$(MKDIR_P)'
oldincludedir='/usr/include'
pdfdir='${docdir}'
prefix='/usr/local'
program_transform_name='s,x,x,'
psdir='${docdir}'
sbindir='${exec_prefix}/sbin'
sharedstatedir='${prefix}/com'
sysconfdir='${prefix}/etc'
target_alias=''

## ----------- ##
## confdefs.h. ##
## ----------- ##

/* confdefs.h */
#define PACKAGE_NAME "zookeeper C client"
#define PACKAGE_TARNAME "zookeeper"
#define PACKAGE_VERSION "3.4.9"
#define PACKAGE_STRING "zookeeper C client 3.4.9"
#define PACKAGE_BUGREPORT "user@zookeeper.apache.org"
#define PACKAGE_URL ""
#define PACKAGE "zookeeper"
#define VERSION "3.4.9"
#define HAVE_GENERATED_ZOOKEEPER_JUTE_C 1
#define HAVE_GENERATED_ZOOKEEPER_JUTE_H 1
#define STDC_HEADERS 1
#define HAVE_SYS_TYPES_H 1
#define HAVE_SYS_STAT_H 1
#define HAVE_STDLIB_H 1
#define HAVE_STRING_H 1
#define HAVE_MEMORY_H 1
#define HAVE_STRINGS_H 1
#define HAVE_INTTYPES_H 1
#define HAVE_STDINT_H 1
#define HAVE_UNISTD_H 1
#define HAVE_DLFCN_H 1
#define LT_OBJDIR ".libs/"
#define STDC_HEADERS 1
#define HAVE_ARPA_INET_H 1
#define HAVE_FCNTL_H 1
#define HAVE_NETDB_H 1
#define HAVE_NETINET_IN_H 1
#define HAVE_STDLIB_H 1
#define HAVE_STRING_H 1
#define HAVE_SYS_SOCKET_H 1
#define HAVE_SYS_TIME_H 1
#define HAVE_UNISTD_H 1
#define HAVE_SYS_UTSNAME_H 1
#define TIME_WITH_SYS_TIME 1
#define POLL_NFDS_TYPE nfds_t
#define HAVE_GETCWD 1
#define HAVE_GETHOSTBYNAME 1
#define HAVE_GETHOSTNAME 1
#define HAVE_GETLOGIN 1
#define HAVE_GETPWUID_R 1
#define HAVE_GETTIMEOFDAY 1
#define HAVE_GETUID 1
#define HAVE_MEMMOVE 1
#define HAVE_MEMSET 1
#define HAVE_POLL 1
#define HAVE_SOCKET 1
#define HAVE_STRCHR 1
#define HAVE_STRDUP 1
#define HAVE_STRERROR 1
#define HAVE_STRTOL 1

configure: exit 0
